-------------------------------------------------------------------------------
Test set: ar.edu.utn.dds.k3003.integration.LogisticaTest
-------------------------------------------------------------------------------
Tests run: 5, Failures: 0, Errors: 1, Skipped: 0, Time elapsed: 1.128 s <<< FAILURE! -- in ar.edu.utn.dds.k3003.integration.LogisticaTest
ar.edu.utn.dds.k3003.integration.LogisticaTest.testAgregarDepositoYGestionarDonacion -- Time elapsed: 0.309 s <<< ERROR!
org.springframework.web.client.HttpServerErrorException$InternalServerError: 500 Internal Server Error on POST request for "https://logistica-i4rf.onrender.com/api/depositos": "Error interno: Identifier of entity 'ar.edu.utn.dds.k3003.zAlumno.entidades.Logistica.Deposito' must be manually assigned before calling 'persist()'"
	at org.springframework.web.client.HttpServerErrorException.create(HttpServerErrorException.java:102)
	at org.springframework.web.client.DefaultResponseErrorHandler.handleError(DefaultResponseErrorHandler.java:189)
	at org.springframework.web.client.DefaultResponseErrorHandler.handleError(DefaultResponseErrorHandler.java:147)
	at org.springframework.web.client.RestTemplate.handleResponse(RestTemplate.java:953)
	at org.springframework.web.client.RestTemplate.doExecute(RestTemplate.java:902)
	at org.springframework.web.client.RestTemplate.execute(RestTemplate.java:801)
	at org.springframework.web.client.RestTemplate.postForObject(RestTemplate.java:518)
	at ar.edu.utn.dds.k3003.fachadas.FachadaLogisticaImpl.agregarDeposito(FachadaLogisticaImpl.java:40)
	at ar.edu.utn.dds.k3003.integration.LogisticaTest.testAgregarDepositoYGestionarDonacion(LogisticaTest.java:51)
	at java.base/java.lang.reflect.Method.invoke(Method.java:580)
	at java.base/java.util.ArrayList.forEach(ArrayList.java:1597)
	at java.base/java.util.ArrayList.forEach(ArrayList.java:1597)

