<?xml version="1.0" encoding="UTF-8"?>
<testsuite xmlns:xsi="http://www.w3.org/2001/XMLSchema-instance" xsi:noNamespaceSchemaLocation="https://maven.apache.org/surefire/maven-surefire-plugin/xsd/surefire-test-report.xsd" version="3.0.2" name="ar.edu.utn.dds.k3003.repositories.OrmRepositoryTest" time="3.407" tests="7" errors="0" skipped="0" failures="0">
  <properties>
[...]
</properties>
  <testcase name="testEliminarInsignia" classname="ar.edu.utn.dds.k3003.repositories.OrmRepositoryTest" time="0.415">
    <system-out><![CDATA[01:09:07.363 [main] INFO org.springframework.test.context.support.AnnotationConfigContextLoaderUtils -- Could not detect default configuration classes for test class [ar.edu.utn.dds.k3003.repositories.OrmRepositoryTest]: OrmRepositoryTest does not declare any static, non-private, non-final, nested classes annotated with @Configuration.
01:09:07.541 [main] INFO org.springframework.boot.test.context.SpringBootTestContextBootstrapper -- Found @SpringBootConfiguration ar.edu.utn.dds.k3003.Application for test class ar.edu.utn.dds.k3003.repositories.OrmRepositoryTest
01:09:07.630 [main] INFO org.springframework.boot.devtools.restart.RestartApplicationListener -- Restart disabled due to context in which it is running

  .   ____          _            __ _ _
 /\\ / ___'_ __ _ _(_)_ __  __ _ \ \ \ \
( ( )\___ | '_ | '_| | '_ \/ _` | \ \ \ \
 \\/  ___)| |_)| | | | | || (_| |  ) ) ) )
  '  |____| .__|_| |_|_| |_\__, | / / / /
 =========|_|==============|___/=/_/_/_/

 :: Spring Boot ::                (v3.5.8)

2026-06-13T01:09:08.171-03:00  INFO 11204 --- [           main] a.e.u.d.k.r.OrmRepositoryTest            : Starting OrmRepositoryTest using Java 22.0.2 with PID 11204 (started by Wency in C:\Users\Wency\Modulo_integrado\Incentivos-main)
2026-06-13T01:09:08.173-03:00  INFO 11204 --- [           main] a.e.u.d.k.r.OrmRepositoryTest            : No active profile set, falling back to 1 default profile: "default"
2026-06-13T01:09:08.455-03:00  INFO 11204 --- [           main] .s.d.r.c.RepositoryConfigurationDelegate : Bootstrapping Spring Data JPA repositories in DEFAULT mode.
2026-06-13T01:09:08.510-03:00  INFO 11204 --- [           main] .s.d.r.c.RepositoryConfigurationDelegate : Finished Spring Data repository scanning in 46 ms. Found 3 JPA repository interfaces.
2026-06-13T01:09:08.559-03:00  INFO 11204 --- [           main] beddedDataSourceBeanFactoryPostProcessor : Replacing 'dataSource' DataSource bean with embedded version
2026-06-13T01:09:08.631-03:00  INFO 11204 --- [           main] o.s.j.d.e.EmbeddedDatabaseFactory        : Starting embedded database: url='jdbc:h2:mem:f9416a13-c825-4bd9-b848-e83a7b082377;DB_CLOSE_DELAY=-1;DB_CLOSE_ON_EXIT=false', username='sa'
2026-06-13T01:09:08.954-03:00  INFO 11204 --- [           main] o.hibernate.jpa.internal.util.LogHelper  : HHH000204: Processing PersistenceUnitInfo [name: default]
2026-06-13T01:09:09.001-03:00  INFO 11204 --- [           main] org.hibernate.Version                    : HHH000412: Hibernate ORM core version 6.6.36.Final
2026-06-13T01:09:09.032-03:00  INFO 11204 --- [           main] o.h.c.internal.RegionFactoryInitiator    : HHH000026: Second-level cache disabled
2026-06-13T01:09:09.151-03:00  INFO 11204 --- [           main] o.s.o.j.p.SpringPersistenceUnitInfo      : No LoadTimeWeaver setup: ignoring JPA class transformer
2026-06-13T01:09:09.193-03:00  WARN 11204 --- [           main] org.hibernate.orm.deprecation            : HHH90000025: H2Dialect does not need to be specified explicitly using 'hibernate.dialect' (remove the property setting and it will be selected by default)
2026-06-13T01:09:09.211-03:00  INFO 11204 --- [           main] org.hibernate.orm.connections.pooling    : HHH10001005: Database info:
	Database JDBC URL [Connecting through datasource 'org.springframework.jdbc.datasource.embedded.EmbeddedDatabaseFactory$EmbeddedDataSourceProxy@5503a22']
	Database driver: undefined/unknown
	Database version: 2.3.232
	Autocommit mode: undefined/unknown
	Isolation level: undefined/unknown
	Minimum pool size: undefined/unknown
	Maximum pool size: undefined/unknown
2026-06-13T01:09:09.899-03:00  INFO 11204 --- [           main] o.h.e.t.j.p.i.JtaPlatformInitiator       : HHH000489: No JTA platform available (set 'hibernate.transaction.jta.platform' to enable JTA platform integration)
Hibernate: create table insignias (id varchar(255) not null, descripcion varchar(255), nombre varchar(255), perfil_id varchar(255), primary key (id))
Hibernate: create table misiones (id varchar(255) not null, categoria_fin enum ('COLABORADOR','OCASIONAL','REVOLUCIONARIO','SALVADOR','TRANSFORMADOR'), categoria_inicio enum ('COLABORADOR','OCASIONAL','REVOLUCIONARIO','SALVADOR','TRANSFORMADOR'), insigniaid varchar(255), nombre varchar(255), tipo enum ('COMPLETITUD','DONACIONES_ASCENDENTES','DONACIONES_EXITOSAS','REVOLUCION_DONADORA'), primary key (id))
Hibernate: create table perfiles_incentivos (id varchar(255) not null, mision_actualid varchar(255), primary key (id))
Hibernate: create table perfil_incentivos_categorias (perfil_incentivos_id varchar(255) not null, categorias enum ('COLABORADOR','OCASIONAL','REVOLUCIONARIO','SALVADOR','TRANSFORMADOR'))
Hibernate: alter table if exists insignias add constraint FKnnssfiajc5q9ctam7lawfqrhq foreign key (perfil_id) references perfiles_incentivos
Hibernate: alter table if exists perfil_incentivos_categorias add constraint FKed3fgab90skph45sdyrsqaa82 foreign key (perfil_incentivos_id) references perfiles_incentivos
2026-06-13T01:09:09.969-03:00  INFO 11204 --- [           main] j.LocalContainerEntityManagerFactoryBean : Initialized JPA EntityManagerFactory for persistence unit 'default'
2026-06-13T01:09:10.147-03:00  INFO 11204 --- [           main] a.e.u.d.k.r.OrmRepositoryTest            : Started OrmRepositoryTest in 2.529 seconds (process running for 10.177)
Hibernate: select i1_0.id,i1_0.descripcion,i1_0.nombre from insignias i1_0 where i1_0.id=?
Hibernate: insert into insignias (descripcion,nombre,id) values (?,?,?)
Hibernate: select count(*) from insignias i1_0 where i1_0.id=?
Hibernate: delete from insignias where id=?
Hibernate: select count(*) from insignias i1_0 where i1_0.id=?
]]></system-out>
    <system-err><![CDATA[01:09:08,172 |-WARN in ar.edu.utn.dds.k3003.logging.DatadogHttpAppender[DATADOG] - Attempted to append to non started appender [DATADOG].
01:09:08,173 |-WARN in ar.edu.utn.dds.k3003.logging.DatadogHttpAppender[DATADOG] - Attempted to append to non started appender [DATADOG].
01:09:08,455 |-WARN in ar.edu.utn.dds.k3003.logging.DatadogHttpAppender[DATADOG] - Attempted to append to non started appender [DATADOG].
01:09:08,510 |-WARN in ar.edu.utn.dds.k3003.logging.DatadogHttpAppender[DATADOG] - Attempted to append to non started appender [DATADOG].
01:09:08,560 |-WARN in ar.edu.utn.dds.k3003.logging.DatadogHttpAppender[DATADOG] - Attempted to append to non started appender [DATADOG].
]]></system-err>
  </testcase>
  <testcase name="testGuardarYBuscarMisionConEnums" classname="ar.edu.utn.dds.k3003.repositories.OrmRepositoryTest" time="0.013">
    <system-out><![CDATA[Hibernate: select m1_0.id,m1_0.categoria_fin,m1_0.categoria_inicio,m1_0.insigniaid,m1_0.nombre,m1_0.tipo from misiones m1_0 where m1_0.id=?
]]></system-out>
  </testcase>
  <testcase name="testBuscarPerfilInexistente" classname="ar.edu.utn.dds.k3003.repositories.OrmRepositoryTest" time="0.01">
    <system-out><![CDATA[Hibernate: select pi1_0.id,pi1_0.mision_actualid from perfiles_incentivos pi1_0 where pi1_0.id=?
]]></system-out>
  </testcase>
  <testcase name="testGuardarYBuscarInsignia" classname="ar.edu.utn.dds.k3003.repositories.OrmRepositoryTest" time="0.007">
    <system-out><![CDATA[Hibernate: select i1_0.id,i1_0.descripcion,i1_0.nombre from insignias i1_0 where i1_0.id=?
]]></system-out>
  </testcase>
  <testcase name="testGuardarPerfilConInsigniasYCategorias" classname="ar.edu.utn.dds.k3003.repositories.OrmRepositoryTest" time="0.013">
    <system-out><![CDATA[Hibernate: select i1_0.id,i1_0.descripcion,i1_0.nombre from insignias i1_0 where i1_0.id=?
Hibernate: select pi1_0.id,pi1_0.mision_actualid,i1_0.perfil_id,i1_0.id,i1_0.descripcion,i1_0.nombre from perfiles_incentivos pi1_0 left join insignias i1_0 on pi1_0.id=i1_0.perfil_id where pi1_0.id=?
]]></system-out>
  </testcase>
  <testcase name="testActualizarPerfil" classname="ar.edu.utn.dds.k3003.repositories.OrmRepositoryTest" time="0.005">
    <system-out><![CDATA[Hibernate: select pi1_0.id,pi1_0.mision_actualid,i1_0.perfil_id,i1_0.id,i1_0.descripcion,i1_0.nombre from perfiles_incentivos pi1_0 left join insignias i1_0 on pi1_0.id=i1_0.perfil_id where pi1_0.id=?
]]></system-out>
  </testcase>
  <testcase name="testListarTodosLosPerfiles" classname="ar.edu.utn.dds.k3003.repositories.OrmRepositoryTest" time="0.034">
    <system-out><![CDATA[Hibernate: select pi1_0.id,pi1_0.mision_actualid,i1_0.perfil_id,i1_0.id,i1_0.descripcion,i1_0.nombre from perfiles_incentivos pi1_0 left join insignias i1_0 on pi1_0.id=i1_0.perfil_id where pi1_0.id=?
Hibernate: select pi1_0.id,pi1_0.mision_actualid,i1_0.perfil_id,i1_0.id,i1_0.descripcion,i1_0.nombre from perfiles_incentivos pi1_0 left join insignias i1_0 on pi1_0.id=i1_0.perfil_id where pi1_0.id=?
Hibernate: insert into perfiles_incentivos (mision_actualid,id) values (?,?)
Hibernate: insert into perfiles_incentivos (mision_actualid,id) values (?,?)
Hibernate: select pi1_0.id,pi1_0.mision_actualid from perfiles_incentivos pi1_0
]]></system-out>
  </testcase>
</testsuite>