<?xml version="1.0" encoding="UTF-8"?>
<testsuite xmlns:xsi="http://www.w3.org/2001/XMLSchema-instance" xsi:noNamespaceSchemaLocation="https://maven.apache.org/surefire/maven-surefire-plugin/xsd/surefire-test-report.xsd" version="3.0.2" name="ar.edu.utn.dds.k3003.catedra.logistica.LogisticaTest" time="0.004" tests="10" errors="0" skipped="10" failures="0">
  <properties/>
  <testcase name="testAgregarDepositoFallido" classname="ar.edu.utn.dds.k3003.catedra.logistica.LogisticaTest" time="0.0">
    <skipped message="@EnabledIf(&quot;ar.edu.utn.dds.k3003.catedra.logistica.LogisticaTest#condicion&quot;) evaluated to false"/>
  </testcase>
  <testcase name="testEjecutarMatchmakingFallido" classname="ar.edu.utn.dds.k3003.catedra.logistica.LogisticaTest" time="0.0">
    <skipped message="@EnabledIf(&quot;ar.edu.utn.dds.k3003.catedra.logistica.LogisticaTest#condicion&quot;) evaluated to false"/>
  </testcase>
  <testcase name="testReportarEntregaFallido" classname="ar.edu.utn.dds.k3003.catedra.logistica.LogisticaTest" time="0.0">
    <skipped message="@EnabledIf(&quot;ar.edu.utn.dds.k3003.catedra.logistica.LogisticaTest#condicion&quot;) evaluated to false"/>
  </testcase>
  <testcase name="testGestionarDonacion" classname="ar.edu.utn.dds.k3003.catedra.logistica.LogisticaTest" time="0.0">
    <skipped message="@EnabledIf(&quot;ar.edu.utn.dds.k3003.catedra.logistica.LogisticaTest#condicion&quot;) evaluated to false"/>
  </testcase>
  <testcase name="testBuscarDepositoPorID" classname="ar.edu.utn.dds.k3003.catedra.logistica.LogisticaTest" time="0.0">
    <skipped message="@EnabledIf(&quot;ar.edu.utn.dds.k3003.catedra.logistica.LogisticaTest#condicion&quot;) evaluated to false"/>
  </testcase>
  <testcase name="testAgregarDeposito" classname="ar.edu.utn.dds.k3003.catedra.logistica.LogisticaTest" time="0.0">
    <skipped message="@EnabledIf(&quot;ar.edu.utn.dds.k3003.catedra.logistica.LogisticaTest#condicion&quot;) evaluated to false"/>
  </testcase>
  <testcase name="testReportarEntrega" classname="ar.edu.utn.dds.k3003.catedra.logistica.LogisticaTest" time="0.0">
    <skipped message="@EnabledIf(&quot;ar.edu.utn.dds.k3003.catedra.logistica.LogisticaTest#condicion&quot;) evaluated to false"/>
  </testcase>
  <testcase name="testEjecutarMatchmaking" classname="ar.edu.utn.dds.k3003.catedra.logistica.LogisticaTest" time="0.0">
    <skipped message="@EnabledIf(&quot;ar.edu.utn.dds.k3003.catedra.logistica.LogisticaTest#condicion&quot;) evaluated to false"/>
  </testcase>
  <testcase name="testGestionarDonacionFallido" classname="ar.edu.utn.dds.k3003.catedra.logistica.LogisticaTest" time="0.0">
    <skipped message="@EnabledIf(&quot;ar.edu.utn.dds.k3003.catedra.logistica.LogisticaTest#condicion&quot;) evaluated to false"/>
  </testcase>
  <testcase name="testBuscarDepositoPorIDFallido" classname="ar.edu.utn.dds.k3003.catedra.logistica.LogisticaTest" time="0.0">
    <skipped message="@EnabledIf(&quot;ar.edu.utn.dds.k3003.catedra.logistica.LogisticaTest#condicion&quot;) evaluated to false"/>
  </testcase>
</testsuite>