<?xml version="1.0" encoding="UTF-8"?>
<testsuite xmlns:xsi="http://www.w3.org/2001/XMLSchema-instance" xsi:noNamespaceSchemaLocation="https://maven.apache.org/surefire/maven-surefire-plugin/xsd/surefire-test-report.xsd" version="3.0.2" name="ar.edu.utn.dds.k3003.repositories.OrmRepositoryTest" time="4.612" tests="7" errors="0" skipped="0" failures="0">
  <properties>
[...]
</properties>
  <testcase name="testActualizarDonador" classname="ar.edu.utn.dds.k3003.repositories.OrmRepositoryTest" time="0.343">
    <system-out><![CDATA[21:18:55.875 [main] INFO org.springframework.test.context.support.AnnotationConfigContextLoaderUtils -- Could not detect default configuration classes for test class [ar.edu.utn.dds.k3003.repositories.OrmRepositoryTest]: OrmRepositoryTest does not declare any static, non-private, non-final, nested classes annotated with @Configuration.
21:18:56.078 [main] INFO org.springframework.boot.test.context.SpringBootTestContextBootstrapper -- Found @SpringBootConfiguration ar.edu.utn.dds.k3003.Application for test class ar.edu.utn.dds.k3003.repositories.OrmRepositoryTest
21:18:56.171 [main] INFO org.springframework.boot.devtools.restart.RestartApplicationListener -- Restart disabled due to context in which it is running

  .   ____          _            __ _ _
 /\\ / ___'_ __ _ _(_)_ __  __ _ \ \ \ \
( ( )\___ | '_ | '_| | '_ \/ _` | \ \ \ \
 \\/  ___)| |_)| | | | | || (_| |  ) ) ) )
  '  |____| .__|_| |_|_| |_\__, | / / / /
 =========|_|==============|___/=/_/_/_/

 :: Spring Boot ::                (v3.5.8)

2026-06-11T21:18:56.935-03:00  INFO 21092 --- [           main] a.e.u.d.k.r.OrmRepositoryTest            : Starting OrmRepositoryTest using Java 22.0.2 with PID 21092 (started by Wency in C:\Users\Wency\Incentivos)
2026-06-11T21:18:56.937-03:00  INFO 21092 --- [           main] a.e.u.d.k.r.OrmRepositoryTest            : No active profile set, falling back to 1 default profile: "default"
2026-06-11T21:18:57.234-03:00  INFO 21092 --- [           main] .s.d.r.c.RepositoryConfigurationDelegate : Bootstrapping Spring Data JPA repositories in DEFAULT mode.
2026-06-11T21:18:57.296-03:00  INFO 21092 --- [           main] .s.d.r.c.RepositoryConfigurationDelegate : Finished Spring Data repository scanning in 49 ms. Found 3 JPA repository interfaces.
2026-06-11T21:18:57.347-03:00  INFO 21092 --- [           main] beddedDataSourceBeanFactoryPostProcessor : Replacing 'dataSource' DataSource bean with embedded version
2026-06-11T21:18:57.425-03:00  INFO 21092 --- [           main] o.s.j.d.e.EmbeddedDatabaseFactory        : Starting embedded database: url='jdbc:h2:mem:7da5d467-07c0-4b0d-a663-cd9f9836f356;DB_CLOSE_DELAY=-1;DB_CLOSE_ON_EXIT=false', username='sa'
2026-06-11T21:18:57.769-03:00  INFO 21092 --- [           main] o.hibernate.jpa.internal.util.LogHelper  : HHH000204: Processing PersistenceUnitInfo [name: default]
2026-06-11T21:18:57.831-03:00  INFO 21092 --- [           main] org.hibernate.Version                    : HHH000412: Hibernate ORM core version 6.6.36.Final
2026-06-11T21:18:57.867-03:00  INFO 21092 --- [           main] o.h.c.internal.RegionFactoryInitiator    : HHH000026: Second-level cache disabled
2026-06-11T21:18:58.199-03:00  INFO 21092 --- [           main] o.s.o.j.p.SpringPersistenceUnitInfo      : No LoadTimeWeaver setup: ignoring JPA class transformer
2026-06-11T21:18:58.261-03:00  WARN 21092 --- [           main] org.hibernate.orm.deprecation            : HHH90000025: H2Dialect does not need to be specified explicitly using 'hibernate.dialect' (remove the property setting and it will be selected by default)
2026-06-11T21:18:58.286-03:00  INFO 21092 --- [           main] org.hibernate.orm.connections.pooling    : HHH10001005: Database info:
	Database JDBC URL [Connecting through datasource 'org.springframework.jdbc.datasource.embedded.EmbeddedDatabaseFactory$EmbeddedDataSourceProxy@4c49471c']
	Database driver: undefined/unknown
	Database version: 2.3.232
	Autocommit mode: undefined/unknown
	Isolation level: undefined/unknown
	Minimum pool size: undefined/unknown
	Maximum pool size: undefined/unknown
2026-06-11T21:18:59.222-03:00  INFO 21092 --- [           main] o.h.e.t.j.p.i.JtaPlatformInitiator       : HHH000489: No JTA platform available (set 'hibernate.transaction.jta.platform' to enable JTA platform integration)
Hibernate: create table donador_categorias (donador_id varchar(255) not null, categorias enum ('COLABORADOR','OCASIONAL','REVOLUCIONARIO','SALVADOR','TRANSFORMADOR'))
Hibernate: create table donadores (id varchar(255) not null, apellido varchar(255), categoria varchar(255), domicilio varchar(255), edad integer, email varchar(255), estado tinyint check (estado between 0 and 2), mision_actualid varchar(255), nombre varchar(255), nro_documento varchar(255), primary key (id))
Hibernate: create table insignias (id varchar(255) not null, descripcion varchar(255), nombre varchar(255), donador_id varchar(255), primary key (id))
Hibernate: create table misiones (id varchar(255) not null, categoria_fin enum ('COLABORADOR','OCASIONAL','REVOLUCIONARIO','SALVADOR','TRANSFORMADOR'), categoria_inicio enum ('COLABORADOR','OCASIONAL','REVOLUCIONARIO','SALVADOR','TRANSFORMADOR'), insigniaid varchar(255), nombre varchar(255), tipo enum ('COMPLETITUD','DONACIONES_ASCENDENTES','DONACIONES_EXITOSAS','REVOLUCION_DONADORA'), primary key (id))
Hibernate: alter table if exists donador_categorias add constraint FKmhc731mgs4crflrr19a025pxd foreign key (donador_id) references donadores
Hibernate: alter table if exists insignias add constraint FKi8r4lo1pma8eisrso4nwxek5m foreign key (donador_id) references donadores
2026-06-11T21:18:59.307-03:00  INFO 21092 --- [           main] j.LocalContainerEntityManagerFactoryBean : Initialized JPA EntityManagerFactory for persistence unit 'default'
2026-06-11T21:18:59.529-03:00  INFO 21092 --- [           main] a.e.u.d.k.r.OrmRepositoryTest            : Started OrmRepositoryTest in 3.374 seconds (process running for 4.492)
Hibernate: select d1_0.id,d1_0.apellido,d1_0.categoria,d1_0.domicilio,d1_0.edad,d1_0.email,d1_0.estado,d1_0.mision_actualid,d1_0.nombre,d1_0.nro_documento,i1_0.donador_id,i1_0.id,i1_0.descripcion,i1_0.nombre from donadores d1_0 left join insignias i1_0 on d1_0.id=i1_0.donador_id where d1_0.id=?
]]></system-out>
    <system-err><![CDATA[21:18:56,936 |-WARN in ar.edu.utn.dds.k3003.logging.DatadogHttpAppender[DATADOG] - Attempted to append to non started appender [DATADOG].
21:18:56,937 |-WARN in ar.edu.utn.dds.k3003.logging.DatadogHttpAppender[DATADOG] - Attempted to append to non started appender [DATADOG].
21:18:57,234 |-WARN in ar.edu.utn.dds.k3003.logging.DatadogHttpAppender[DATADOG] - Attempted to append to non started appender [DATADOG].
21:18:57,296 |-WARN in ar.edu.utn.dds.k3003.logging.DatadogHttpAppender[DATADOG] - Attempted to append to non started appender [DATADOG].
21:18:57,348 |-WARN in ar.edu.utn.dds.k3003.logging.DatadogHttpAppender[DATADOG] - Attempted to append to non started appender [DATADOG].
Mockito is currently self-attaching to enable the inline-mock-maker. This will no longer work in future releases of the JDK. Please add Mockito as an agent to your build as described in Mockito's documentation: https://javadoc.io/doc/org.mockito/mockito-core/latest/org.mockito/org/mockito/Mockito.html#0.3
WARNING: A Java agent has been loaded dynamically (C:\Users\Wency\.m2\repository\net\bytebuddy\byte-buddy-agent\1.17.8\byte-buddy-agent-1.17.8.jar)
WARNING: If a serviceability tool is in use, please run with -XX:+EnableDynamicAgentLoading to hide this warning
WARNING: If a serviceability tool is not in use, please run with -Djdk.instrument.traceUsage for more information
WARNING: Dynamic loading of agents will be disallowed by default in a future release
]]></system-err>
  </testcase>
  <testcase name="testEliminarInsignia" classname="ar.edu.utn.dds.k3003.repositories.OrmRepositoryTest" time="0.326">
    <system-out><![CDATA[Hibernate: select i1_0.id,i1_0.descripcion,i1_0.nombre from insignias i1_0 where i1_0.id=?
Hibernate: insert into insignias (descripcion,nombre,id) values (?,?,?)
Hibernate: select count(*) from insignias i1_0 where i1_0.id=?
Hibernate: delete from insignias where id=?
Hibernate: select count(*) from insignias i1_0 where i1_0.id=?
]]></system-out>
  </testcase>
  <testcase name="testGuardarYBuscarMisionConEnums" classname="ar.edu.utn.dds.k3003.repositories.OrmRepositoryTest" time="0.006">
    <system-out><![CDATA[Hibernate: select m1_0.id,m1_0.categoria_fin,m1_0.categoria_inicio,m1_0.insigniaid,m1_0.nombre,m1_0.tipo from misiones m1_0 where m1_0.id=?
]]></system-out>
  </testcase>
  <testcase name="testGuardarDonadorConInsigniasYCategorias" classname="ar.edu.utn.dds.k3003.repositories.OrmRepositoryTest" time="0.007">
    <system-out><![CDATA[Hibernate: select i1_0.id,i1_0.descripcion,i1_0.nombre from insignias i1_0 where i1_0.id=?
Hibernate: select d1_0.id,d1_0.apellido,d1_0.categoria,d1_0.domicilio,d1_0.edad,d1_0.email,d1_0.estado,d1_0.mision_actualid,d1_0.nombre,d1_0.nro_documento,i1_0.donador_id,i1_0.id,i1_0.descripcion,i1_0.nombre from donadores d1_0 left join insignias i1_0 on d1_0.id=i1_0.donador_id where d1_0.id=?
]]></system-out>
  </testcase>
  <testcase name="testGuardarYBuscarInsignia" classname="ar.edu.utn.dds.k3003.repositories.OrmRepositoryTest" time="0.007">
    <system-out><![CDATA[Hibernate: select i1_0.id,i1_0.descripcion,i1_0.nombre from insignias i1_0 where i1_0.id=?
]]></system-out>
  </testcase>
  <testcase name="testBuscarDonadorInexistente" classname="ar.edu.utn.dds.k3003.repositories.OrmRepositoryTest" time="0.005">
    <system-out><![CDATA[Hibernate: select d1_0.id,d1_0.apellido,d1_0.categoria,d1_0.domicilio,d1_0.edad,d1_0.email,d1_0.estado,d1_0.mision_actualid,d1_0.nombre,d1_0.nro_documento from donadores d1_0 where d1_0.id=?
]]></system-out>
  </testcase>
  <testcase name="testListarTodosLosDonadores" classname="ar.edu.utn.dds.k3003.repositories.OrmRepositoryTest" time="0.032">
    <system-out><![CDATA[Hibernate: select d1_0.id,d1_0.apellido,d1_0.categoria,d1_0.domicilio,d1_0.edad,d1_0.email,d1_0.estado,d1_0.mision_actualid,d1_0.nombre,d1_0.nro_documento,i1_0.donador_id,i1_0.id,i1_0.descripcion,i1_0.nombre from donadores d1_0 left join insignias i1_0 on d1_0.id=i1_0.donador_id where d1_0.id=?
Hibernate: select d1_0.id,d1_0.apellido,d1_0.categoria,d1_0.domicilio,d1_0.edad,d1_0.email,d1_0.estado,d1_0.mision_actualid,d1_0.nombre,d1_0.nro_documento,i1_0.donador_id,i1_0.id,i1_0.descripcion,i1_0.nombre from donadores d1_0 left join insignias i1_0 on d1_0.id=i1_0.donador_id where d1_0.id=?
Hibernate: insert into donadores (apellido,categoria,domicilio,edad,email,estado,mision_actualid,nombre,nro_documento,id) values (?,?,?,?,?,?,?,?,?,?)
Hibernate: insert into donadores (apellido,categoria,domicilio,edad,email,estado,mision_actualid,nombre,nro_documento,id) values (?,?,?,?,?,?,?,?,?,?)
Hibernate: select d1_0.id,d1_0.apellido,d1_0.categoria,d1_0.domicilio,d1_0.edad,d1_0.email,d1_0.estado,d1_0.mision_actualid,d1_0.nombre,d1_0.nro_documento from donadores d1_0
]]></system-out>
  </testcase>
</testsuite>